Copyright 1986-2022 Xilinx, Inc. All Rights Reserved. Copyright 2022-2024 Advanced Micro Devices, Inc. All Rights Reserved.
---------------------------------------------------------------------------------------------------------------------------------------------
| Tool Version : Vivado v.2024.2 (win64) Build 5239630 Fri Nov 08 22:35:27 MST 2024
| Date         : Sun Jun  1 21:43:47 2025
| Host         : Torchet running 64-bit major release  (build 9200)
| Command      : report_drc -file scalp_user_design_drc_opted.rpt -pb scalp_user_design_drc_opted.pb -rpx scalp_user_design_drc_opted.rpx
| Design       : scalp_user_design
| Device       : xc7z015clg485-2
| Speed File   : -2
| Design State : Synthesized
---------------------------------------------------------------------------------------------------------------------------------------------

Report DRC

Table of Contents
-----------------
1. REPORT SUMMARY
2. REPORT DETAILS

1. REPORT SUMMARY
-----------------
            Netlist: netlist
          Floorplan: design_1
      Design limits: <entire design considered>
           Ruledeck: default
             Max checks: <unlimited>
             Checks found: 83
+---------+----------+-------------------------------------------------------------------+--------+
| Rule    | Severity | Description                                                       | Checks |
+---------+----------+-------------------------------------------------------------------+--------+
| AVAL-70 | Warning  | OSERDES_DataRateTqTriWidth                                        | 8      |
| DPIP-1  | Warning  | Input pipelining                                                  | 23     |
| DPOP-1  | Warning  | PREG Output pipelining                                            | 9      |
| AVAL-4  | Advisory | enum_USE_DPORT_FALSE_enum_DREG_ADREG_0_connects_CED_CEAD_RSTD_GND | 14     |
| AVAL-5  | Advisory | enum_USE_MULT_NONE_enum_DREG_ADREG_0_connects_CED_CEAD_RSTD_GND   | 5      |
| REQP-20 | Advisory | enum_AREG_0_connects_CEA1_GND_connects_CEA2_GND                   | 5      |
| REQP-24 | Advisory | enum_BREG_0_connects_CEB1_GND_connects_CEB2_GND                   | 5      |
| REQP-29 | Advisory | enum_CREG_0_connects_CEC_GND                                      | 5      |
| REQP-31 | Advisory | enum_PREG_0_connects_CEP_GND                                      | 9      |
+---------+----------+-------------------------------------------------------------------+--------+

2. REPORT DETAILS
-----------------
AVAL-70#1 Warning
OSERDES_DataRateTqTriWidth  
Unexpected programming for PLxB.HdmixB.TxxI/Vga2HdmiConvertxB.Vga2HdmixI/SerializersxB.SerializerC0xI/MasterOSERDESE2xI with TRISTATE_WIDTH. DATA_RATE_TQ set DDR expects TRISTATE_WIDTH to be set 4
Related violations: <none>

AVAL-70#2 Warning
OSERDES_DataRateTqTriWidth  
Unexpected programming for PLxB.HdmixB.TxxI/Vga2HdmiConvertxB.Vga2HdmixI/SerializersxB.SerializerC0xI/SlaveOSERDESE2xI with TRISTATE_WIDTH. DATA_RATE_TQ set DDR expects TRISTATE_WIDTH to be set 4
Related violations: <none>

AVAL-70#3 Warning
OSERDES_DataRateTqTriWidth  
Unexpected programming for PLxB.HdmixB.TxxI/Vga2HdmiConvertxB.Vga2HdmixI/SerializersxB.SerializerC1xI/MasterOSERDESE2xI with TRISTATE_WIDTH. DATA_RATE_TQ set DDR expects TRISTATE_WIDTH to be set 4
Related violations: <none>

AVAL-70#4 Warning
OSERDES_DataRateTqTriWidth  
Unexpected programming for PLxB.HdmixB.TxxI/Vga2HdmiConvertxB.Vga2HdmixI/SerializersxB.SerializerC1xI/SlaveOSERDESE2xI with TRISTATE_WIDTH. DATA_RATE_TQ set DDR expects TRISTATE_WIDTH to be set 4
Related violations: <none>

AVAL-70#5 Warning
OSERDES_DataRateTqTriWidth  
Unexpected programming for PLxB.HdmixB.TxxI/Vga2HdmiConvertxB.Vga2HdmixI/SerializersxB.SerializerC2xI/MasterOSERDESE2xI with TRISTATE_WIDTH. DATA_RATE_TQ set DDR expects TRISTATE_WIDTH to be set 4
Related violations: <none>

AVAL-70#6 Warning
OSERDES_DataRateTqTriWidth  
Unexpected programming for PLxB.HdmixB.TxxI/Vga2HdmiConvertxB.Vga2HdmixI/SerializersxB.SerializerC2xI/SlaveOSERDESE2xI with TRISTATE_WIDTH. DATA_RATE_TQ set DDR expects TRISTATE_WIDTH to be set 4
Related violations: <none>

AVAL-70#7 Warning
OSERDES_DataRateTqTriWidth  
Unexpected programming for PLxB.HdmixB.TxxI/Vga2HdmiConvertxB.Vga2HdmixI/SerializersxB.SerializerC3xI/MasterOSERDESE2xI with TRISTATE_WIDTH. DATA_RATE_TQ set DDR expects TRISTATE_WIDTH to be set 4
Related violations: <none>

AVAL-70#8 Warning
OSERDES_DataRateTqTriWidth  
Unexpected programming for PLxB.HdmixB.TxxI/Vga2HdmiConvertxB.Vga2HdmixI/SerializersxB.SerializerC3xI/SlaveOSERDESE2xI with TRISTATE_WIDTH. DATA_RATE_TQ set DDR expects TRISTATE_WIDTH to be set 4
Related violations: <none>

DPIP-1#1 Warning
Input pipelining  
DSP PLxB.ImGenxB.MandelCalc/A2mB2_Mult/bl.DSP48E_2 input PLxB.ImGenxB.MandelCalc/A2mB2_Mult/bl.DSP48E_2/A[29:0] is not pipelined. Pipelining DSP48 input will improve performance.
Related violations: <none>

DPIP-1#2 Warning
Input pipelining  
DSP PLxB.ImGenxB.MandelCalc/A2mB2_Mult/bl.DSP48E_2 input PLxB.ImGenxB.MandelCalc/A2mB2_Mult/bl.DSP48E_2/B[17:0] is not pipelined. Pipelining DSP48 input will improve performance.
Related violations: <none>

DPIP-1#3 Warning
Input pipelining  
DSP PLxB.ImGenxB.MandelCalc/AB_Mult/bl.DSP48E_2 input PLxB.ImGenxB.MandelCalc/AB_Mult/bl.DSP48E_2/A[29:0] is not pipelined. Pipelining DSP48 input will improve performance.
Related violations: <none>

DPIP-1#4 Warning
Input pipelining  
DSP PLxB.ImGenxB.MandelCalc/AB_Mult/bl.DSP48E_2 input PLxB.ImGenxB.MandelCalc/AB_Mult/bl.DSP48E_2/B[17:0] is not pipelined. Pipelining DSP48 input will improve performance.
Related violations: <none>

DPIP-1#5 Warning
Input pipelining  
DSP PLxB.ImGenxB.MandelCalc/IterOut_Mult/bl.DSP48E_2 input PLxB.ImGenxB.MandelCalc/IterOut_Mult/bl.DSP48E_2/B[17:0] is not pipelined. Pipelining DSP48 input will improve performance.
Related violations: <none>

DPIP-1#6 Warning
Input pipelining  
DSP PLxB.ImGenxB.MandelCalc/Pix_X_Mult/bl.DSP48E_2 input PLxB.ImGenxB.MandelCalc/Pix_X_Mult/bl.DSP48E_2/A[29:0] is not pipelined. Pipelining DSP48 input will improve performance.
Related violations: <none>

DPIP-1#7 Warning
Input pipelining  
DSP PLxB.ImGenxB.MandelCalc/Pix_X_Offset/bl.DSP48_2 input PLxB.ImGenxB.MandelCalc/Pix_X_Offset/bl.DSP48_2/C[47:0] is not pipelined. Pipelining DSP48 input will improve performance.
Related violations: <none>

DPIP-1#8 Warning
Input pipelining  
DSP PLxB.ImGenxB.MandelCalc/Pix_Y_Mult/bl.DSP48E_2 input PLxB.ImGenxB.MandelCalc/Pix_Y_Mult/bl.DSP48E_2/A[29:0] is not pipelined. Pipelining DSP48 input will improve performance.
Related violations: <none>

DPIP-1#9 Warning
Input pipelining  
DSP PLxB.ImGenxB.MandelCalc/Pix_Y_Offset/bl.DSP48_2 input PLxB.ImGenxB.MandelCalc/Pix_Y_Offset/bl.DSP48_2/C[47:0] is not pipelined. Pipelining DSP48 input will improve performance.
Related violations: <none>

DPIP-1#10 Warning
Input pipelining  
DSP PLxB.ImGenxB.MandelCalc/ZIM/bl.DSP48E_2 input PLxB.ImGenxB.MandelCalc/ZIM/bl.DSP48E_2/A[29:0] is not pipelined. Pipelining DSP48 input will improve performance.
Related violations: <none>

DPIP-1#11 Warning
Input pipelining  
DSP PLxB.ImGenxB.MandelCalc/ZIM/bl.DSP48E_2 input PLxB.ImGenxB.MandelCalc/ZIM/bl.DSP48E_2/B[17:0] is not pipelined. Pipelining DSP48 input will improve performance.
Related violations: <none>

DPIP-1#12 Warning
Input pipelining  
DSP PLxB.ImGenxB.MandelCalc/ZIM2/bl.DSP48E_2 input PLxB.ImGenxB.MandelCalc/ZIM2/bl.DSP48E_2/A[29:0] is not pipelined. Pipelining DSP48 input will improve performance.
Related violations: <none>

DPIP-1#13 Warning
Input pipelining  
DSP PLxB.ImGenxB.MandelCalc/ZIM2/bl.DSP48E_2 input PLxB.ImGenxB.MandelCalc/ZIM2/bl.DSP48E_2/B[17:0] is not pipelined. Pipelining DSP48 input will improve performance.
Related violations: <none>

DPIP-1#14 Warning
Input pipelining  
DSP PLxB.ImGenxB.MandelCalc/ZIM_N1/bl.DSP48_2 input PLxB.ImGenxB.MandelCalc/ZIM_N1/bl.DSP48_2/A[29:0] is not pipelined. Pipelining DSP48 input will improve performance.
Related violations: <none>

DPIP-1#15 Warning
Input pipelining  
DSP PLxB.ImGenxB.MandelCalc/ZIM_N1/bl.DSP48_2 input PLxB.ImGenxB.MandelCalc/ZIM_N1/bl.DSP48_2/C[47:0] is not pipelined. Pipelining DSP48 input will improve performance.
Related violations: <none>

DPIP-1#16 Warning
Input pipelining  
DSP PLxB.ImGenxB.MandelCalc/ZNORM2/bl.DSP48_2 input PLxB.ImGenxB.MandelCalc/ZNORM2/bl.DSP48_2/A[29:0] is not pipelined. Pipelining DSP48 input will improve performance.
Related violations: <none>

DPIP-1#17 Warning
Input pipelining  
DSP PLxB.ImGenxB.MandelCalc/ZNORM2/bl.DSP48_2 input PLxB.ImGenxB.MandelCalc/ZNORM2/bl.DSP48_2/C[47:0] is not pipelined. Pipelining DSP48 input will improve performance.
Related violations: <none>

DPIP-1#18 Warning
Input pipelining  
DSP PLxB.ImGenxB.MandelCalc/ZRE/bl.DSP48E_2 input PLxB.ImGenxB.MandelCalc/ZRE/bl.DSP48E_2/A[29:0] is not pipelined. Pipelining DSP48 input will improve performance.
Related violations: <none>

DPIP-1#19 Warning
Input pipelining  
DSP PLxB.ImGenxB.MandelCalc/ZRE/bl.DSP48E_2 input PLxB.ImGenxB.MandelCalc/ZRE/bl.DSP48E_2/B[17:0] is not pipelined. Pipelining DSP48 input will improve performance.
Related violations: <none>

DPIP-1#20 Warning
Input pipelining  
DSP PLxB.ImGenxB.MandelCalc/ZRE2/bl.DSP48E_2 input PLxB.ImGenxB.MandelCalc/ZRE2/bl.DSP48E_2/A[29:0] is not pipelined. Pipelining DSP48 input will improve performance.
Related violations: <none>

DPIP-1#21 Warning
Input pipelining  
DSP PLxB.ImGenxB.MandelCalc/ZRE2/bl.DSP48E_2 input PLxB.ImGenxB.MandelCalc/ZRE2/bl.DSP48E_2/B[17:0] is not pipelined. Pipelining DSP48 input will improve performance.
Related violations: <none>

DPIP-1#22 Warning
Input pipelining  
DSP PLxB.ImGenxB.MandelCalc/ZRE_N1/bl.DSP48_2 input PLxB.ImGenxB.MandelCalc/ZRE_N1/bl.DSP48_2/A[29:0] is not pipelined. Pipelining DSP48 input will improve performance.
Related violations: <none>

DPIP-1#23 Warning
Input pipelining  
DSP PLxB.ImGenxB.MandelCalc/ZRE_N1/bl.DSP48_2 input PLxB.ImGenxB.MandelCalc/ZRE_N1/bl.DSP48_2/C[47:0] is not pipelined. Pipelining DSP48 input will improve performance.
Related violations: <none>

DPOP-1#1 Warning
PREG Output pipelining  
DSP PLxB.ImGenxB.MandelCalc/A2mB2_Mult/bl.DSP48E_2 output PLxB.ImGenxB.MandelCalc/A2mB2_Mult/bl.DSP48E_2/P[47:0] is not pipelined (PREG=0). Pipelining the DSP48 output will improve performance and often saves power so it is suggested whenever possible to fully pipeline this function.  If this DSP48 function was inferred, it is suggested to describe an additional register stage after this function.  If the DSP48 was instantiated in the design, it is suggested to set the PREG attribute to 1.
Related violations: <none>

DPOP-1#2 Warning
PREG Output pipelining  
DSP PLxB.ImGenxB.MandelCalc/AB_Mult/bl.DSP48E_2 output PLxB.ImGenxB.MandelCalc/AB_Mult/bl.DSP48E_2/P[47:0] is not pipelined (PREG=0). Pipelining the DSP48 output will improve performance and often saves power so it is suggested whenever possible to fully pipeline this function.  If this DSP48 function was inferred, it is suggested to describe an additional register stage after this function.  If the DSP48 was instantiated in the design, it is suggested to set the PREG attribute to 1.
Related violations: <none>

DPOP-1#3 Warning
PREG Output pipelining  
DSP PLxB.ImGenxB.MandelCalc/IterOut_Mult/bl.DSP48E_2 output PLxB.ImGenxB.MandelCalc/IterOut_Mult/bl.DSP48E_2/P[47:0] is not pipelined (PREG=0). Pipelining the DSP48 output will improve performance and often saves power so it is suggested whenever possible to fully pipeline this function.  If this DSP48 function was inferred, it is suggested to describe an additional register stage after this function.  If the DSP48 was instantiated in the design, it is suggested to set the PREG attribute to 1.
Related violations: <none>

DPOP-1#4 Warning
PREG Output pipelining  
DSP PLxB.ImGenxB.MandelCalc/Pix_X_Mult/bl.DSP48E_2 output PLxB.ImGenxB.MandelCalc/Pix_X_Mult/bl.DSP48E_2/P[47:0] is not pipelined (PREG=0). Pipelining the DSP48 output will improve performance and often saves power so it is suggested whenever possible to fully pipeline this function.  If this DSP48 function was inferred, it is suggested to describe an additional register stage after this function.  If the DSP48 was instantiated in the design, it is suggested to set the PREG attribute to 1.
Related violations: <none>

DPOP-1#5 Warning
PREG Output pipelining  
DSP PLxB.ImGenxB.MandelCalc/Pix_Y_Mult/bl.DSP48E_2 output PLxB.ImGenxB.MandelCalc/Pix_Y_Mult/bl.DSP48E_2/P[47:0] is not pipelined (PREG=0). Pipelining the DSP48 output will improve performance and often saves power so it is suggested whenever possible to fully pipeline this function.  If this DSP48 function was inferred, it is suggested to describe an additional register stage after this function.  If the DSP48 was instantiated in the design, it is suggested to set the PREG attribute to 1.
Related violations: <none>

DPOP-1#6 Warning
PREG Output pipelining  
DSP PLxB.ImGenxB.MandelCalc/ZIM/bl.DSP48E_2 output PLxB.ImGenxB.MandelCalc/ZIM/bl.DSP48E_2/P[47:0] is not pipelined (PREG=0). Pipelining the DSP48 output will improve performance and often saves power so it is suggested whenever possible to fully pipeline this function.  If this DSP48 function was inferred, it is suggested to describe an additional register stage after this function.  If the DSP48 was instantiated in the design, it is suggested to set the PREG attribute to 1.
Related violations: <none>

DPOP-1#7 Warning
PREG Output pipelining  
DSP PLxB.ImGenxB.MandelCalc/ZIM2/bl.DSP48E_2 output PLxB.ImGenxB.MandelCalc/ZIM2/bl.DSP48E_2/P[47:0] is not pipelined (PREG=0). Pipelining the DSP48 output will improve performance and often saves power so it is suggested whenever possible to fully pipeline this function.  If this DSP48 function was inferred, it is suggested to describe an additional register stage after this function.  If the DSP48 was instantiated in the design, it is suggested to set the PREG attribute to 1.
Related violations: <none>

DPOP-1#8 Warning
PREG Output pipelining  
DSP PLxB.ImGenxB.MandelCalc/ZRE/bl.DSP48E_2 output PLxB.ImGenxB.MandelCalc/ZRE/bl.DSP48E_2/P[47:0] is not pipelined (PREG=0). Pipelining the DSP48 output will improve performance and often saves power so it is suggested whenever possible to fully pipeline this function.  If this DSP48 function was inferred, it is suggested to describe an additional register stage after this function.  If the DSP48 was instantiated in the design, it is suggested to set the PREG attribute to 1.
Related violations: <none>

DPOP-1#9 Warning
PREG Output pipelining  
DSP PLxB.ImGenxB.MandelCalc/ZRE2/bl.DSP48E_2 output PLxB.ImGenxB.MandelCalc/ZRE2/bl.DSP48E_2/P[47:0] is not pipelined (PREG=0). Pipelining the DSP48 output will improve performance and often saves power so it is suggested whenever possible to fully pipeline this function.  If this DSP48 function was inferred, it is suggested to describe an additional register stage after this function.  If the DSP48 was instantiated in the design, it is suggested to set the PREG attribute to 1.
Related violations: <none>

AVAL-4#1 Advisory
enum_USE_DPORT_FALSE_enum_DREG_ADREG_0_connects_CED_CEAD_RSTD_GND  
PLxB.ImGenxB.MandelCalc/A2mB2_Mult/bl.DSP48E_2: DSP48E1 is not using the D port (USE_DPORT = FALSE). For improved power characteristics, set DREG and ADREG to '1', tie CED, CEAD, and RSTD to logic '0'.
Related violations: <none>

AVAL-4#2 Advisory
enum_USE_DPORT_FALSE_enum_DREG_ADREG_0_connects_CED_CEAD_RSTD_GND  
PLxB.ImGenxB.MandelCalc/AB_Mult/bl.DSP48E_2: DSP48E1 is not using the D port (USE_DPORT = FALSE). For improved power characteristics, set DREG and ADREG to '1', tie CED, CEAD, and RSTD to logic '0'.
Related violations: <none>

AVAL-4#3 Advisory
enum_USE_DPORT_FALSE_enum_DREG_ADREG_0_connects_CED_CEAD_RSTD_GND  
PLxB.ImGenxB.MandelCalc/IterOut_Mult/bl.DSP48E_2: DSP48E1 is not using the D port (USE_DPORT = FALSE). For improved power characteristics, set DREG and ADREG to '1', tie CED, CEAD, and RSTD to logic '0'.
Related violations: <none>

AVAL-4#4 Advisory
enum_USE_DPORT_FALSE_enum_DREG_ADREG_0_connects_CED_CEAD_RSTD_GND  
PLxB.ImGenxB.MandelCalc/Pix_X_Mult/bl.DSP48E_2: DSP48E1 is not using the D port (USE_DPORT = FALSE). For improved power characteristics, set DREG and ADREG to '1', tie CED, CEAD, and RSTD to logic '0'.
Related violations: <none>

AVAL-4#5 Advisory
enum_USE_DPORT_FALSE_enum_DREG_ADREG_0_connects_CED_CEAD_RSTD_GND  
PLxB.ImGenxB.MandelCalc/Pix_X_Offset/bl.DSP48_2: DSP48E1 is not using the D port (USE_DPORT = FALSE). For improved power characteristics, set DREG and ADREG to '1', tie CED, CEAD, and RSTD to logic '0'.
Related violations: <none>

AVAL-4#6 Advisory
enum_USE_DPORT_FALSE_enum_DREG_ADREG_0_connects_CED_CEAD_RSTD_GND  
PLxB.ImGenxB.MandelCalc/Pix_Y_Mult/bl.DSP48E_2: DSP48E1 is not using the D port (USE_DPORT = FALSE). For improved power characteristics, set DREG and ADREG to '1', tie CED, CEAD, and RSTD to logic '0'.
Related violations: <none>

AVAL-4#7 Advisory
enum_USE_DPORT_FALSE_enum_DREG_ADREG_0_connects_CED_CEAD_RSTD_GND  
PLxB.ImGenxB.MandelCalc/Pix_Y_Offset/bl.DSP48_2: DSP48E1 is not using the D port (USE_DPORT = FALSE). For improved power characteristics, set DREG and ADREG to '1', tie CED, CEAD, and RSTD to logic '0'.
Related violations: <none>

AVAL-4#8 Advisory
enum_USE_DPORT_FALSE_enum_DREG_ADREG_0_connects_CED_CEAD_RSTD_GND  
PLxB.ImGenxB.MandelCalc/ZIM/bl.DSP48E_2: DSP48E1 is not using the D port (USE_DPORT = FALSE). For improved power characteristics, set DREG and ADREG to '1', tie CED, CEAD, and RSTD to logic '0'.
Related violations: <none>

AVAL-4#9 Advisory
enum_USE_DPORT_FALSE_enum_DREG_ADREG_0_connects_CED_CEAD_RSTD_GND  
PLxB.ImGenxB.MandelCalc/ZIM2/bl.DSP48E_2: DSP48E1 is not using the D port (USE_DPORT = FALSE). For improved power characteristics, set DREG and ADREG to '1', tie CED, CEAD, and RSTD to logic '0'.
Related violations: <none>

AVAL-4#10 Advisory
enum_USE_DPORT_FALSE_enum_DREG_ADREG_0_connects_CED_CEAD_RSTD_GND  
PLxB.ImGenxB.MandelCalc/ZIM_N1/bl.DSP48_2: DSP48E1 is not using the D port (USE_DPORT = FALSE). For improved power characteristics, set DREG and ADREG to '1', tie CED, CEAD, and RSTD to logic '0'.
Related violations: <none>

AVAL-4#11 Advisory
enum_USE_DPORT_FALSE_enum_DREG_ADREG_0_connects_CED_CEAD_RSTD_GND  
PLxB.ImGenxB.MandelCalc/ZNORM2/bl.DSP48_2: DSP48E1 is not using the D port (USE_DPORT = FALSE). For improved power characteristics, set DREG and ADREG to '1', tie CED, CEAD, and RSTD to logic '0'.
Related violations: <none>

AVAL-4#12 Advisory
enum_USE_DPORT_FALSE_enum_DREG_ADREG_0_connects_CED_CEAD_RSTD_GND  
PLxB.ImGenxB.MandelCalc/ZRE/bl.DSP48E_2: DSP48E1 is not using the D port (USE_DPORT = FALSE). For improved power characteristics, set DREG and ADREG to '1', tie CED, CEAD, and RSTD to logic '0'.
Related violations: <none>

AVAL-4#13 Advisory
enum_USE_DPORT_FALSE_enum_DREG_ADREG_0_connects_CED_CEAD_RSTD_GND  
PLxB.ImGenxB.MandelCalc/ZRE2/bl.DSP48E_2: DSP48E1 is not using the D port (USE_DPORT = FALSE). For improved power characteristics, set DREG and ADREG to '1', tie CED, CEAD, and RSTD to logic '0'.
Related violations: <none>

AVAL-4#14 Advisory
enum_USE_DPORT_FALSE_enum_DREG_ADREG_0_connects_CED_CEAD_RSTD_GND  
PLxB.ImGenxB.MandelCalc/ZRE_N1/bl.DSP48_2: DSP48E1 is not using the D port (USE_DPORT = FALSE). For improved power characteristics, set DREG and ADREG to '1', tie CED, CEAD, and RSTD to logic '0'.
Related violations: <none>

AVAL-5#1 Advisory
enum_USE_MULT_NONE_enum_DREG_ADREG_0_connects_CED_CEAD_RSTD_GND  
PLxB.ImGenxB.MandelCalc/Pix_X_Offset/bl.DSP48_2: DSP48E1 is not using the Multiplier (USE_MULT = NONE). For improved power characteristics, set DREG and ADREG to '1', tie CED, CEAD, and RSTD to logic '0'.
Related violations: <none>

AVAL-5#2 Advisory
enum_USE_MULT_NONE_enum_DREG_ADREG_0_connects_CED_CEAD_RSTD_GND  
PLxB.ImGenxB.MandelCalc/Pix_Y_Offset/bl.DSP48_2: DSP48E1 is not using the Multiplier (USE_MULT = NONE). For improved power characteristics, set DREG and ADREG to '1', tie CED, CEAD, and RSTD to logic '0'.
Related violations: <none>

AVAL-5#3 Advisory
enum_USE_MULT_NONE_enum_DREG_ADREG_0_connects_CED_CEAD_RSTD_GND  
PLxB.ImGenxB.MandelCalc/ZIM_N1/bl.DSP48_2: DSP48E1 is not using the Multiplier (USE_MULT = NONE). For improved power characteristics, set DREG and ADREG to '1', tie CED, CEAD, and RSTD to logic '0'.
Related violations: <none>

AVAL-5#4 Advisory
enum_USE_MULT_NONE_enum_DREG_ADREG_0_connects_CED_CEAD_RSTD_GND  
PLxB.ImGenxB.MandelCalc/ZNORM2/bl.DSP48_2: DSP48E1 is not using the Multiplier (USE_MULT = NONE). For improved power characteristics, set DREG and ADREG to '1', tie CED, CEAD, and RSTD to logic '0'.
Related violations: <none>

AVAL-5#5 Advisory
enum_USE_MULT_NONE_enum_DREG_ADREG_0_connects_CED_CEAD_RSTD_GND  
PLxB.ImGenxB.MandelCalc/ZRE_N1/bl.DSP48_2: DSP48E1 is not using the Multiplier (USE_MULT = NONE). For improved power characteristics, set DREG and ADREG to '1', tie CED, CEAD, and RSTD to logic '0'.
Related violations: <none>

REQP-20#1 Advisory
enum_AREG_0_connects_CEA1_GND_connects_CEA2_GND  
PLxB.ImGenxB.MandelCalc/Pix_X_Offset/bl.DSP48_2: When DSP48E1 attribute AREG is set to 0, the CEA1 and CEA2 pins should be tied to GND to save power.
Related violations: <none>

REQP-20#2 Advisory
enum_AREG_0_connects_CEA1_GND_connects_CEA2_GND  
PLxB.ImGenxB.MandelCalc/Pix_Y_Offset/bl.DSP48_2: When DSP48E1 attribute AREG is set to 0, the CEA1 and CEA2 pins should be tied to GND to save power.
Related violations: <none>

REQP-20#3 Advisory
enum_AREG_0_connects_CEA1_GND_connects_CEA2_GND  
PLxB.ImGenxB.MandelCalc/ZIM_N1/bl.DSP48_2: When DSP48E1 attribute AREG is set to 0, the CEA1 and CEA2 pins should be tied to GND to save power.
Related violations: <none>

REQP-20#4 Advisory
enum_AREG_0_connects_CEA1_GND_connects_CEA2_GND  
PLxB.ImGenxB.MandelCalc/ZNORM2/bl.DSP48_2: When DSP48E1 attribute AREG is set to 0, the CEA1 and CEA2 pins should be tied to GND to save power.
Related violations: <none>

REQP-20#5 Advisory
enum_AREG_0_connects_CEA1_GND_connects_CEA2_GND  
PLxB.ImGenxB.MandelCalc/ZRE_N1/bl.DSP48_2: When DSP48E1 attribute AREG is set to 0, the CEA1 and CEA2 pins should be tied to GND to save power.
Related violations: <none>

REQP-24#1 Advisory
enum_BREG_0_connects_CEB1_GND_connects_CEB2_GND  
PLxB.ImGenxB.MandelCalc/Pix_X_Offset/bl.DSP48_2: When DSP48E1 attribute BREG is set to 0, the CEB1 and CEB2 pins should be tied to GND to save power.
Related violations: <none>

REQP-24#2 Advisory
enum_BREG_0_connects_CEB1_GND_connects_CEB2_GND  
PLxB.ImGenxB.MandelCalc/Pix_Y_Offset/bl.DSP48_2: When DSP48E1 attribute BREG is set to 0, the CEB1 and CEB2 pins should be tied to GND to save power.
Related violations: <none>

REQP-24#3 Advisory
enum_BREG_0_connects_CEB1_GND_connects_CEB2_GND  
PLxB.ImGenxB.MandelCalc/ZIM_N1/bl.DSP48_2: When DSP48E1 attribute BREG is set to 0, the CEB1 and CEB2 pins should be tied to GND to save power.
Related violations: <none>

REQP-24#4 Advisory
enum_BREG_0_connects_CEB1_GND_connects_CEB2_GND  
PLxB.ImGenxB.MandelCalc/ZNORM2/bl.DSP48_2: When DSP48E1 attribute BREG is set to 0, the CEB1 and CEB2 pins should be tied to GND to save power.
Related violations: <none>

REQP-24#5 Advisory
enum_BREG_0_connects_CEB1_GND_connects_CEB2_GND  
PLxB.ImGenxB.MandelCalc/ZRE_N1/bl.DSP48_2: When DSP48E1 attribute BREG is set to 0, the CEB1 and CEB2 pins should be tied to GND to save power.
Related violations: <none>

REQP-29#1 Advisory
enum_CREG_0_connects_CEC_GND  
PLxB.ImGenxB.MandelCalc/Pix_X_Offset/bl.DSP48_2: When the DSP48E1 CREG attribute is set to 0, the CEC input pin should be tied to GND to save power.
Related violations: <none>

REQP-29#2 Advisory
enum_CREG_0_connects_CEC_GND  
PLxB.ImGenxB.MandelCalc/Pix_Y_Offset/bl.DSP48_2: When the DSP48E1 CREG attribute is set to 0, the CEC input pin should be tied to GND to save power.
Related violations: <none>

REQP-29#3 Advisory
enum_CREG_0_connects_CEC_GND  
PLxB.ImGenxB.MandelCalc/ZIM_N1/bl.DSP48_2: When the DSP48E1 CREG attribute is set to 0, the CEC input pin should be tied to GND to save power.
Related violations: <none>

REQP-29#4 Advisory
enum_CREG_0_connects_CEC_GND  
PLxB.ImGenxB.MandelCalc/ZNORM2/bl.DSP48_2: When the DSP48E1 CREG attribute is set to 0, the CEC input pin should be tied to GND to save power.
Related violations: <none>

REQP-29#5 Advisory
enum_CREG_0_connects_CEC_GND  
PLxB.ImGenxB.MandelCalc/ZRE_N1/bl.DSP48_2: When the DSP48E1 CREG attribute is set to 0, the CEC input pin should be tied to GND to save power.
Related violations: <none>

REQP-31#1 Advisory
enum_PREG_0_connects_CEP_GND  
PLxB.ImGenxB.MandelCalc/A2mB2_Mult/bl.DSP48E_2: When the DSP48E1 PREG attribute is set to 0, the CEP input pin should be tied to GND to save power.
Related violations: <none>

REQP-31#2 Advisory
enum_PREG_0_connects_CEP_GND  
PLxB.ImGenxB.MandelCalc/AB_Mult/bl.DSP48E_2: When the DSP48E1 PREG attribute is set to 0, the CEP input pin should be tied to GND to save power.
Related violations: <none>

REQP-31#3 Advisory
enum_PREG_0_connects_CEP_GND  
PLxB.ImGenxB.MandelCalc/IterOut_Mult/bl.DSP48E_2: When the DSP48E1 PREG attribute is set to 0, the CEP input pin should be tied to GND to save power.
Related violations: <none>

REQP-31#4 Advisory
enum_PREG_0_connects_CEP_GND  
PLxB.ImGenxB.MandelCalc/Pix_X_Mult/bl.DSP48E_2: When the DSP48E1 PREG attribute is set to 0, the CEP input pin should be tied to GND to save power.
Related violations: <none>

REQP-31#5 Advisory
enum_PREG_0_connects_CEP_GND  
PLxB.ImGenxB.MandelCalc/Pix_Y_Mult/bl.DSP48E_2: When the DSP48E1 PREG attribute is set to 0, the CEP input pin should be tied to GND to save power.
Related violations: <none>

REQP-31#6 Advisory
enum_PREG_0_connects_CEP_GND  
PLxB.ImGenxB.MandelCalc/ZIM/bl.DSP48E_2: When the DSP48E1 PREG attribute is set to 0, the CEP input pin should be tied to GND to save power.
Related violations: <none>

REQP-31#7 Advisory
enum_PREG_0_connects_CEP_GND  
PLxB.ImGenxB.MandelCalc/ZIM2/bl.DSP48E_2: When the DSP48E1 PREG attribute is set to 0, the CEP input pin should be tied to GND to save power.
Related violations: <none>

REQP-31#8 Advisory
enum_PREG_0_connects_CEP_GND  
PLxB.ImGenxB.MandelCalc/ZRE/bl.DSP48E_2: When the DSP48E1 PREG attribute is set to 0, the CEP input pin should be tied to GND to save power.
Related violations: <none>

REQP-31#9 Advisory
enum_PREG_0_connects_CEP_GND  
PLxB.ImGenxB.MandelCalc/ZRE2/bl.DSP48E_2: When the DSP48E1 PREG attribute is set to 0, the CEP input pin should be tied to GND to save power.
Related violations: <none>


