INFO: [VRFC 10-163] Analyzing VHDL file "C:/CochetVictorLPSC/scalp_revc_windows/scalp_user_design/scalp_user_design.ip_user_files/bd/vga_hdmi_clk_rst_system_inst_0/ip/vga_hdmi_clk_rst_system_inst_0_rst_ps7_1_vga_0/sim/vga_hdmi_clk_rst_system_inst_0_rst_ps7_1_vga_0.vhd" into library xil_defaultlib
INFO: [VRFC 10-3107] analyzing entity 'vga_hdmi_clk_rst_system_inst_0_rst_ps7_1_vga_0'
INFO: [VRFC 10-163] Analyzing VHDL file "C:/CochetVictorLPSC/scalp_revc_windows/scalp_user_design/scalp_user_design.ip_user_files/bd/vga_hdmi_clk_rst_system_inst_0/ip/vga_hdmi_clk_rst_system_inst_0_rst_ps7_2_hdmi_0/sim/vga_hdmi_clk_rst_system_inst_0_rst_ps7_2_hdmi_0.vhd" into library xil_defaultlib
INFO: [VRFC 10-3107] analyzing entity 'vga_hdmi_clk_rst_system_inst_0_rst_ps7_2_hdmi_0'
INFO: [VRFC 10-163] Analyzing VHDL file "C:/CochetVictorLPSC/scalp_revc_windows/scalp_user_design/scalp_user_design.ip_user_files/bd/vga_hdmi_clk_rst_system_inst_0/sim/vga_hdmi_clk_rst_system_inst_0.vhd" into library xil_defaultlib
INFO: [VRFC 10-3107] analyzing entity 'vga_hdmi_clk_rst_system_inst_0'
INFO: [VRFC 10-163] Analyzing VHDL file "C:/CochetVictorLPSC/scalp_revc_windows/scalp_user_design/scalp_user_design.ip_user_files/bd/scalp_zynqps/ipshared/3ff2/src/scalp_axi_link.vhd" into library xil_defaultlib
INFO: [VRFC 10-3107] analyzing entity 'scalp_axi_link'
INFO: [VRFC 10-163] Analyzing VHDL file "C:/CochetVictorLPSC/scalp_revc_windows/scalp_user_design/scalp_user_design.ip_user_files/bd/scalp_zynqps/ip/scalp_zynqps_scalp_axi_link_firmwareid_0/sim/scalp_zynqps_scalp_axi_link_firmwareid_0.vhd" into library xil_defaultlib
INFO: [VRFC 10-3107] analyzing entity 'scalp_zynqps_scalp_axi_link_firmwareid_0'
INFO: [VRFC 10-163] Analyzing VHDL file "C:/CochetVictorLPSC/scalp_revc_windows/scalp_user_design/scalp_user_design.ip_user_files/bd/scalp_zynqps/ip/scalp_zynqps_axi_gpio_switches_0/sim/scalp_zynqps_axi_gpio_switches_0.vhd" into library xil_defaultlib
INFO: [VRFC 10-3107] analyzing entity 'scalp_zynqps_axi_gpio_switches_0'
INFO: [VRFC 10-163] Analyzing VHDL file "C:/CochetVictorLPSC/scalp_revc_windows/scalp_user_design/scalp_user_design.ip_user_files/bd/scalp_zynqps/ip/scalp_zynqps_axi_intc_0_0/sim/scalp_zynqps_axi_intc_0_0.vhd" into library xil_defaultlib
INFO: [VRFC 10-3107] analyzing entity 'scalp_zynqps_axi_intc_0_0'
INFO: [VRFC 10-163] Analyzing VHDL file "C:/CochetVictorLPSC/scalp_revc_windows/scalp_user_design/scalp_user_design.ip_user_files/bd/scalp_zynqps/ip/scalp_zynqps_axi_gpio_reset_btn_0/sim/scalp_zynqps_axi_gpio_reset_btn_0.vhd" into library xil_defaultlib
INFO: [VRFC 10-3107] analyzing entity 'scalp_zynqps_axi_gpio_reset_btn_0'
INFO: [VRFC 10-163] Analyzing VHDL file "C:/CochetVictorLPSC/scalp_revc_windows/scalp_user_design/scalp_user_design.ip_user_files/bd/scalp_zynqps/ip/scalp_zynqps_system_ila_0_0/bd_0/sim/bd_c0d9.vhd" into library xil_defaultlib
INFO: [VRFC 10-3107] analyzing entity 'bd_c0d9'
INFO: [VRFC 10-163] Analyzing VHDL file "C:/CochetVictorLPSC/scalp_revc_windows/scalp_user_design/scalp_user_design.ip_user_files/bd/scalp_zynqps/ip/scalp_zynqps_system_ila_0_0/bd_0/ip/ip_0/sim/bd_c0d9_ila_lib_0.vhd" into library xil_defaultlib
INFO: [VRFC 10-3107] analyzing entity 'bd_c0d9_ila_lib_0'
INFO: [VRFC 10-163] Analyzing VHDL file "C:/CochetVictorLPSC/scalp_revc_windows/scalp_user_design/scalp_user_design.ip_user_files/bd/scalp_zynqps/ip/scalp_zynqps_system_ila_0_0/sim/scalp_zynqps_system_ila_0_0.vhd" into library xil_defaultlib
INFO: [VRFC 10-3107] analyzing entity 'scalp_zynqps_system_ila_0_0'
INFO: [VRFC 10-163] Analyzing VHDL file "C:/CochetVictorLPSC/scalp_revc_windows/scalp_user_design/scalp_user_design.ip_user_files/bd/scalp_zynqps/ip/scalp_zynqps_scalp_axi_link_cplx_num_regs_0/sim/scalp_zynqps_scalp_axi_link_cplx_num_regs_0.vhd" into library xil_defaultlib
INFO: [VRFC 10-3107] analyzing entity 'scalp_zynqps_scalp_axi_link_cplx_num_regs_0'
INFO: [VRFC 10-163] Analyzing VHDL file "C:/CochetVictorLPSC/scalp_revc_windows/scalp_user_design/scalp_user_design.ip_user_files/bd/scalp_zynqps/ip/scalp_zynqps_rst_ps7_0_125M_0/sim/scalp_zynqps_rst_ps7_0_125M_0.vhd" into library xil_defaultlib
INFO: [VRFC 10-3107] analyzing entity 'scalp_zynqps_rst_ps7_0_125M_0'
INFO: [VRFC 10-163] Analyzing VHDL file "C:/CochetVictorLPSC/scalp_revc_windows/scalp_user_design/scalp_user_design.ip_user_files/bd/scalp_zynqps/ip/scalp_zynqps_axi_iic_ioext_0/sim/scalp_zynqps_axi_iic_ioext_0.vhd" into library xil_defaultlib
INFO: [VRFC 10-3107] analyzing entity 'scalp_zynqps_axi_iic_ioext_0'
INFO: [VRFC 10-163] Analyzing VHDL file "C:/CochetVictorLPSC/scalp_revc_windows/scalp_user_design/scalp_user_design.ip_user_files/bd/scalp_zynqps/ip/scalp_zynqps_axi_gpio_joystick_0/sim/scalp_zynqps_axi_gpio_joystick_0.vhd" into library xil_defaultlib
INFO: [VRFC 10-3107] analyzing entity 'scalp_zynqps_axi_gpio_joystick_0'
INFO: [VRFC 10-163] Analyzing VHDL file "C:/CochetVictorLPSC/scalp_revc_windows/scalp_user_design/scalp_user_design.ip_user_files/bd/scalp_zynqps/sim/scalp_zynqps.vhd" into library xil_defaultlib
INFO: [VRFC 10-3107] analyzing entity 'm00_couplers_imp_FF8Z4U'
INFO: [VRFC 10-3107] analyzing entity 'm01_couplers_imp_931Y5A'
INFO: [VRFC 10-3107] analyzing entity 'm02_couplers_imp_75GW2M'
INFO: [VRFC 10-3107] analyzing entity 'm03_couplers_imp_455P5Q'
INFO: [VRFC 10-3107] analyzing entity 'm04_couplers_imp_TQZ7BY'
INFO: [VRFC 10-3107] analyzing entity 'm05_couplers_imp_YFU1B2'
INFO: [VRFC 10-3107] analyzing entity 'm06_couplers_imp_J98Y8U'
INFO: [VRFC 10-3107] analyzing entity 's00_couplers_imp_BVJLL9'
INFO: [VRFC 10-3107] analyzing entity 'scalp_zynqps_ps7_0_axi_periph_0'
INFO: [VRFC 10-3107] analyzing entity 'scalp_zynqps'
INFO: [VRFC 10-163] Analyzing VHDL file "C:/CochetVictorLPSC/scalp_revc_windows/scalp_user_design/scalp_user_design.srcs/sources_1/new/MndlCalc.vhd" into library xil_defaultlib
INFO: [VRFC 10-3107] analyzing entity 'MndlCalc'
INFO: [VRFC 10-163] Analyzing VHDL file "C:/CochetVictorLPSC/scalp_revc_windows/scalp_user_design/scalp_user_design.srcs/sources_1/imports/files/scalp_axi_pkg.vhd" into library scalp_lib
INFO: [VRFC 10-163] Analyzing VHDL file "C:/CochetVictorLPSC/scalp_revc_windows/scalp_user_design/scalp_user_design.srcs/sources_1/imports/files/scalp_cplx_num_regs.vhd" into library xil_defaultlib
INFO: [VRFC 10-3107] analyzing entity 'scalp_cplx_num_regs'
WARNING: [VRFC 10-471] case choice must be a locally static expression [C:/CochetVictorLPSC/scalp_revc_windows/scalp_user_design/scalp_user_design.srcs/sources_1/imports/files/scalp_cplx_num_regs.vhd:360]
WARNING: [VRFC 10-471] case choice must be a locally static expression [C:/CochetVictorLPSC/scalp_revc_windows/scalp_user_design/scalp_user_design.srcs/sources_1/imports/files/scalp_cplx_num_regs.vhd:362]
WARNING: [VRFC 10-471] case choice must be a locally static expression [C:/CochetVictorLPSC/scalp_revc_windows/scalp_user_design/scalp_user_design.srcs/sources_1/imports/files/scalp_cplx_num_regs.vhd:364]
WARNING: [VRFC 10-471] case choice must be a locally static expression [C:/CochetVictorLPSC/scalp_revc_windows/scalp_user_design/scalp_user_design.srcs/sources_1/imports/files/scalp_cplx_num_regs.vhd:366]
WARNING: [VRFC 10-471] case choice must be a locally static expression [C:/CochetVictorLPSC/scalp_revc_windows/scalp_user_design/scalp_user_design.srcs/sources_1/imports/files/scalp_cplx_num_regs.vhd:377]
WARNING: [VRFC 10-471] case choice must be a locally static expression [C:/CochetVictorLPSC/scalp_revc_windows/scalp_user_design/scalp_user_design.srcs/sources_1/imports/files/scalp_cplx_num_regs.vhd:381]
WARNING: [VRFC 10-471] case choice must be a locally static expression [C:/CochetVictorLPSC/scalp_revc_windows/scalp_user_design/scalp_user_design.srcs/sources_1/imports/files/scalp_cplx_num_regs.vhd:385]
WARNING: [VRFC 10-471] case choice must be a locally static expression [C:/CochetVictorLPSC/scalp_revc_windows/scalp_user_design/scalp_user_design.srcs/sources_1/imports/files/scalp_cplx_num_regs.vhd:389]
INFO: [VRFC 10-163] Analyzing VHDL file "C:/CochetVictorLPSC/scalp_revc_windows/scalp_user_design/scalp_user_design.srcs/sources_1/imports/files/scalp_firmwareid.vhd" into library xil_defaultlib
INFO: [VRFC 10-3107] analyzing entity 'scalp_firmwareid'
WARNING: [VRFC 10-471] case choice must be a locally static expression [C:/CochetVictorLPSC/scalp_revc_windows/scalp_user_design/scalp_user_design.srcs/sources_1/imports/files/scalp_firmwareid.vhd:381]
WARNING: [VRFC 10-471] case choice must be a locally static expression [C:/CochetVictorLPSC/scalp_revc_windows/scalp_user_design/scalp_user_design.srcs/sources_1/imports/files/scalp_firmwareid.vhd:383]
WARNING: [VRFC 10-471] case choice must be a locally static expression [C:/CochetVictorLPSC/scalp_revc_windows/scalp_user_design/scalp_user_design.srcs/sources_1/imports/files/scalp_firmwareid.vhd:385]
WARNING: [VRFC 10-471] case choice must be a locally static expression [C:/CochetVictorLPSC/scalp_revc_windows/scalp_user_design/scalp_user_design.srcs/sources_1/imports/files/scalp_firmwareid.vhd:387]
WARNING: [VRFC 10-471] case choice must be a locally static expression [C:/CochetVictorLPSC/scalp_revc_windows/scalp_user_design/scalp_user_design.srcs/sources_1/imports/files/scalp_firmwareid.vhd:389]
WARNING: [VRFC 10-471] case choice must be a locally static expression [C:/CochetVictorLPSC/scalp_revc_windows/scalp_user_design/scalp_user_design.srcs/sources_1/imports/files/scalp_firmwareid.vhd:391]
WARNING: [VRFC 10-471] case choice must be a locally static expression [C:/CochetVictorLPSC/scalp_revc_windows/scalp_user_design/scalp_user_design.srcs/sources_1/imports/files/scalp_firmwareid.vhd:393]
WARNING: [VRFC 10-471] case choice must be a locally static expression [C:/CochetVictorLPSC/scalp_revc_windows/scalp_user_design/scalp_user_design.srcs/sources_1/imports/files/scalp_firmwareid.vhd:395]
WARNING: [VRFC 10-471] case choice must be a locally static expression [C:/CochetVictorLPSC/scalp_revc_windows/scalp_user_design/scalp_user_design.srcs/sources_1/imports/files/scalp_firmwareid.vhd:397]
WARNING: [VRFC 10-471] case choice must be a locally static expression [C:/CochetVictorLPSC/scalp_revc_windows/scalp_user_design/scalp_user_design.srcs/sources_1/imports/files/scalp_firmwareid.vhd:399]
WARNING: [VRFC 10-471] case choice must be a locally static expression [C:/CochetVictorLPSC/scalp_revc_windows/scalp_user_design/scalp_user_design.srcs/sources_1/imports/files/scalp_firmwareid.vhd:401]
WARNING: [VRFC 10-471] case choice must be a locally static expression [C:/CochetVictorLPSC/scalp_revc_windows/scalp_user_design/scalp_user_design.srcs/sources_1/imports/files/scalp_firmwareid.vhd:412]
WARNING: [VRFC 10-471] case choice must be a locally static expression [C:/CochetVictorLPSC/scalp_revc_windows/scalp_user_design/scalp_user_design.srcs/sources_1/imports/files/scalp_firmwareid.vhd:416]
WARNING: [VRFC 10-471] case choice must be a locally static expression [C:/CochetVictorLPSC/scalp_revc_windows/scalp_user_design/scalp_user_design.srcs/sources_1/imports/files/scalp_firmwareid.vhd:420]
WARNING: [VRFC 10-471] case choice must be a locally static expression [C:/CochetVictorLPSC/scalp_revc_windows/scalp_user_design/scalp_user_design.srcs/sources_1/imports/files/scalp_firmwareid.vhd:424]
INFO: [VRFC 10-163] Analyzing VHDL file "C:/CochetVictorLPSC/scalp_revc_windows/scalp_user_design/scalp_user_design.srcs/sources_1/imports/files/scalp_hdmi_pkg.vhd" into library scalp_lib
INFO: [VRFC 10-163] Analyzing VHDL file "C:/CochetVictorLPSC/scalp_revc_windows/scalp_user_design/scalp_user_design.srcs/sources_1/imports/files/vga_stripes.vhd" into library xil_defaultlib
INFO: [VRFC 10-3107] analyzing entity 'vga_stripes'
INFO: [VRFC 10-163] Analyzing VHDL file "C:/CochetVictorLPSC/scalp_revc_windows/scalp_user_design/scalp_user_design.srcs/sources_1/imports/files/vga_controler.vhd" into library xil_defaultlib
INFO: [VRFC 10-3107] analyzing entity 'vga_controler'
INFO: [VRFC 10-163] Analyzing VHDL file "C:/CochetVictorLPSC/scalp_revc_windows/scalp_user_design/scalp_user_design.srcs/sources_1/imports/files/vga.vhd" into library xil_defaultlib
INFO: [VRFC 10-3107] analyzing entity 'vga'
INFO: [VRFC 10-163] Analyzing VHDL file "C:/CochetVictorLPSC/scalp_revc_windows/scalp_user_design/scalp_user_design.srcs/sources_1/imports/files/tmds_encoder.vhd" into library xil_defaultlib
INFO: [VRFC 10-3107] analyzing entity 'tmds_encoder'
INFO: [VRFC 10-163] Analyzing VHDL file "C:/CochetVictorLPSC/scalp_revc_windows/scalp_user_design/scalp_user_design.srcs/sources_1/imports/files/serializer_10_to_1.vhd" into library xil_defaultlib
INFO: [VRFC 10-3107] analyzing entity 'serializer_10_to_1'
INFO: [VRFC 10-163] Analyzing VHDL file "C:/CochetVictorLPSC/scalp_revc_windows/scalp_user_design/scalp_user_design.srcs/sources_1/imports/files/vga_to_hdmi.vhd" into library xil_defaultlib
INFO: [VRFC 10-3107] analyzing entity 'vga_to_hdmi'
INFO: [VRFC 10-163] Analyzing VHDL file "C:/CochetVictorLPSC/scalp_revc_windows/scalp_user_design/scalp_user_design.srcs/sources_1/imports/files/scalp_hdmi.vhd" into library xil_defaultlib
INFO: [VRFC 10-3107] analyzing entity 'scalp_hdmi'
INFO: [VRFC 10-163] Analyzing VHDL file "C:/CochetVictorLPSC/scalp_revc_windows/scalp_user_design/scalp_user_design.srcs/sources_1/imports/files/scalp_pwm.vhd" into library xil_defaultlib
INFO: [VRFC 10-3107] analyzing entity 'scalp_pwm'
INFO: [VRFC 10-163] Analyzing VHDL file "C:/CochetVictorLPSC/scalp_revc_windows/scalp_user_design/scalp_user_design.srcs/sources_1/imports/files/scalp_zynqps_user.vhd" into library xil_defaultlib
INFO: [VRFC 10-3107] analyzing entity 'scalp_zynqps_wrapper'
INFO: [VRFC 10-163] Analyzing VHDL file "C:/CochetVictorLPSC/scalp_revc_windows/scalp_user_design/scalp_user_design.srcs/sources_1/imports/files/scalp_user_design.vhd" into library xil_defaultlib
INFO: [VRFC 10-3107] analyzing entity 'scalp_user_design'
