INFO: [VRFC 10-2263] Analyzing Verilog file "C:/CochetVictorLPSC/scalp_revc_windows/scalp_user_design/scalp_user_design.ip_user_files/bd/vga_hdmi_clk_rst_system_inst_0/ip/vga_hdmi_clk_rst_system_inst_0_vga_hdmi_clock_0/vga_hdmi_clk_rst_system_inst_0_vga_hdmi_clock_0_clk_wiz.v" into library xil_defaultlib
INFO: [VRFC 10-311] analyzing module vga_hdmi_clk_rst_system_inst_0_vga_hdmi_clock_0_clk_wiz
INFO: [VRFC 10-2263] Analyzing Verilog file "C:/CochetVictorLPSC/scalp_revc_windows/scalp_user_design/scalp_user_design.ip_user_files/bd/vga_hdmi_clk_rst_system_inst_0/ip/vga_hdmi_clk_rst_system_inst_0_vga_hdmi_clock_0/vga_hdmi_clk_rst_system_inst_0_vga_hdmi_clock_0.v" into library xil_defaultlib
INFO: [VRFC 10-311] analyzing module vga_hdmi_clk_rst_system_inst_0_vga_hdmi_clock_0
INFO: [VRFC 10-2263] Analyzing Verilog file "C:/CochetVictorLPSC/scalp_revc_windows/scalp_user_design/scalp_user_design.ip_user_files/bd/scalp_zynqps/ip/scalp_zynqps_gnd_constant_0/sim/scalp_zynqps_gnd_constant_0.v" into library xil_defaultlib
INFO: [VRFC 10-311] analyzing module scalp_zynqps_gnd_constant_0
INFO: [VRFC 10-2263] Analyzing Verilog file "C:/CochetVictorLPSC/scalp_revc_windows/scalp_user_design/scalp_user_design.ip_user_files/bd/scalp_zynqps/ip/scalp_zynqps_processing_system7_0_0/sim/scalp_zynqps_processing_system7_0_0.v" into library xil_defaultlib
INFO: [VRFC 10-311] analyzing module scalp_zynqps_processing_system7_0_0
INFO: [VRFC 10-2263] Analyzing Verilog file "C:/CochetVictorLPSC/scalp_revc_windows/scalp_user_design/scalp_user_design.ip_user_files/bd/scalp_zynqps/ip/scalp_zynqps_ps7_0_axi_periph_upgraded_ipi_imp_xbar_0/sim/scalp_zynqps_ps7_0_axi_periph_upgraded_ipi_imp_xbar_0.v" into library xil_defaultlib
INFO: [VRFC 10-311] analyzing module scalp_zynqps_ps7_0_axi_periph_upgraded_ipi_imp_xbar_0
WARNING: [VRFC 10-8772] attribute 'X_INTERFACE_MODE' is already specified; last one will take precedence [C:/CochetVictorLPSC/scalp_revc_windows/scalp_user_design/scalp_user_design.ip_user_files/bd/scalp_zynqps/ip/scalp_zynqps_ps7_0_axi_periph_upgraded_ipi_imp_xbar_0/sim/scalp_zynqps_ps7_0_axi_periph_upgraded_ipi_imp_xbar_0.v:152]
WARNING: [VRFC 10-8772] attribute 'X_INTERFACE_PARAMETER' is already specified; last one will take precedence [C:/CochetVictorLPSC/scalp_revc_windows/scalp_user_design/scalp_user_design.ip_user_files/bd/scalp_zynqps/ip/scalp_zynqps_ps7_0_axi_periph_upgraded_ipi_imp_xbar_0/sim/scalp_zynqps_ps7_0_axi_periph_upgraded_ipi_imp_xbar_0.v:153]
WARNING: [VRFC 10-8772] attribute 'X_INTERFACE_MODE' is already specified; last one will take precedence [C:/CochetVictorLPSC/scalp_revc_windows/scalp_user_design/scalp_user_design.ip_user_files/bd/scalp_zynqps/ip/scalp_zynqps_ps7_0_axi_periph_upgraded_ipi_imp_xbar_0/sim/scalp_zynqps_ps7_0_axi_periph_upgraded_ipi_imp_xbar_0.v:155]
WARNING: [VRFC 10-8772] attribute 'X_INTERFACE_PARAMETER' is already specified; last one will take precedence [C:/CochetVictorLPSC/scalp_revc_windows/scalp_user_design/scalp_user_design.ip_user_files/bd/scalp_zynqps/ip/scalp_zynqps_ps7_0_axi_periph_upgraded_ipi_imp_xbar_0/sim/scalp_zynqps_ps7_0_axi_periph_upgraded_ipi_imp_xbar_0.v:156]
WARNING: [VRFC 10-8772] attribute 'X_INTERFACE_MODE' is already specified; last one will take precedence [C:/CochetVictorLPSC/scalp_revc_windows/scalp_user_design/scalp_user_design.ip_user_files/bd/scalp_zynqps/ip/scalp_zynqps_ps7_0_axi_periph_upgraded_ipi_imp_xbar_0/sim/scalp_zynqps_ps7_0_axi_periph_upgraded_ipi_imp_xbar_0.v:158]
WARNING: [VRFC 10-8772] attribute 'X_INTERFACE_PARAMETER' is already specified; last one will take precedence [C:/CochetVictorLPSC/scalp_revc_windows/scalp_user_design/scalp_user_design.ip_user_files/bd/scalp_zynqps/ip/scalp_zynqps_ps7_0_axi_periph_upgraded_ipi_imp_xbar_0/sim/scalp_zynqps_ps7_0_axi_periph_upgraded_ipi_imp_xbar_0.v:159]
WARNING: [VRFC 10-8772] attribute 'X_INTERFACE_MODE' is already specified; last one will take precedence [C:/CochetVictorLPSC/scalp_revc_windows/scalp_user_design/scalp_user_design.ip_user_files/bd/scalp_zynqps/ip/scalp_zynqps_ps7_0_axi_periph_upgraded_ipi_imp_xbar_0/sim/scalp_zynqps_ps7_0_axi_periph_upgraded_ipi_imp_xbar_0.v:161]
WARNING: [VRFC 10-8772] attribute 'X_INTERFACE_PARAMETER' is already specified; last one will take precedence [C:/CochetVictorLPSC/scalp_revc_windows/scalp_user_design/scalp_user_design.ip_user_files/bd/scalp_zynqps/ip/scalp_zynqps_ps7_0_axi_periph_upgraded_ipi_imp_xbar_0/sim/scalp_zynqps_ps7_0_axi_periph_upgraded_ipi_imp_xbar_0.v:162]
WARNING: [VRFC 10-8772] attribute 'X_INTERFACE_MODE' is already specified; last one will take precedence [C:/CochetVictorLPSC/scalp_revc_windows/scalp_user_design/scalp_user_design.ip_user_files/bd/scalp_zynqps/ip/scalp_zynqps_ps7_0_axi_periph_upgraded_ipi_imp_xbar_0/sim/scalp_zynqps_ps7_0_axi_periph_upgraded_ipi_imp_xbar_0.v:164]
WARNING: [VRFC 10-8772] attribute 'X_INTERFACE_PARAMETER' is already specified; last one will take precedence [C:/CochetVictorLPSC/scalp_revc_windows/scalp_user_design/scalp_user_design.ip_user_files/bd/scalp_zynqps/ip/scalp_zynqps_ps7_0_axi_periph_upgraded_ipi_imp_xbar_0/sim/scalp_zynqps_ps7_0_axi_periph_upgraded_ipi_imp_xbar_0.v:165]
WARNING: [VRFC 10-8772] attribute 'X_INTERFACE_MODE' is already specified; last one will take precedence [C:/CochetVictorLPSC/scalp_revc_windows/scalp_user_design/scalp_user_design.ip_user_files/bd/scalp_zynqps/ip/scalp_zynqps_ps7_0_axi_periph_upgraded_ipi_imp_xbar_0/sim/scalp_zynqps_ps7_0_axi_periph_upgraded_ipi_imp_xbar_0.v:167]
WARNING: [VRFC 10-8772] attribute 'X_INTERFACE_PARAMETER' is already specified; last one will take precedence [C:/CochetVictorLPSC/scalp_revc_windows/scalp_user_design/scalp_user_design.ip_user_files/bd/scalp_zynqps/ip/scalp_zynqps_ps7_0_axi_periph_upgraded_ipi_imp_xbar_0/sim/scalp_zynqps_ps7_0_axi_periph_upgraded_ipi_imp_xbar_0.v:168]
INFO: [VRFC 10-2263] Analyzing Verilog file "C:/CochetVictorLPSC/scalp_revc_windows/scalp_user_design/scalp_user_design.ip_user_files/bd/scalp_zynqps/ip/scalp_zynqps_xlconcat_0_0/sim/scalp_zynqps_xlconcat_0_0.v" into library xil_defaultlib
INFO: [VRFC 10-311] analyzing module scalp_zynqps_xlconcat_0_0
INFO: [VRFC 10-2263] Analyzing Verilog file "C:/CochetVictorLPSC/scalp_revc_windows/scalp_user_design/scalp_user_design.ip_user_files/bd/scalp_zynqps/ip/scalp_zynqps_sys_clock_0/scalp_zynqps_sys_clock_0_clk_wiz.v" into library xil_defaultlib
INFO: [VRFC 10-311] analyzing module scalp_zynqps_sys_clock_0_clk_wiz
INFO: [VRFC 10-2263] Analyzing Verilog file "C:/CochetVictorLPSC/scalp_revc_windows/scalp_user_design/scalp_user_design.ip_user_files/bd/scalp_zynqps/ip/scalp_zynqps_sys_clock_0/scalp_zynqps_sys_clock_0.v" into library xil_defaultlib
INFO: [VRFC 10-311] analyzing module scalp_zynqps_sys_clock_0
INFO: [VRFC 10-2263] Analyzing Verilog file "C:/CochetVictorLPSC/scalp_revc_windows/scalp_user_design/scalp_user_design.ip_user_files/bd/scalp_zynqps/ip/scalp_zynqps_ps7_0_axi_periph_imp_auto_pc_0/sim/scalp_zynqps_ps7_0_axi_periph_imp_auto_pc_0.v" into library xil_defaultlib
INFO: [VRFC 10-311] analyzing module scalp_zynqps_ps7_0_axi_periph_imp_auto_pc_0
INFO: [VRFC 10-2263] Analyzing Verilog file "C:/CochetVictorLPSC/scalp_revc_windows/scalp_user_design/scalp_user_design.sim/sim_1/behav/xsim/glbl.v" into library xil_defaultlib
INFO: [VRFC 10-311] analyzing module glbl
